<?xml version="1.0" encoding="UTF-8"?>
<!-- Generated by org.testng.reporters.JUnitReportReporter -->
<testsuite hostname="DESKTOP-T57P5HU" failures="0" tests="3" name="executionEngine.TestScript_HybridWithData" time="102.567" errors="0" timestamp="2023-05-31T23:47:56 ICT" skipped="0">
  <testcase classname="executionEngine.TestScript_HybridWithData" name="excute_Login" time="44.529"/>
  <system-out/>
  <testcase classname="executionEngine.TestScript_HybridWithData" name="excute_Search" time="25.535"/>
  <system-out>
    <![CDATA[Driver for Screenshot: ChromeDriver: chrome on WINDOWS (36dda96172a84e317232c84326bd7aaf)
Screenshot taken current URL: https://www.bexinhshop.vn/search?q=filter=((title:product%20**%20Qu%E1%BA%A7n%20Jeans%20Bomber%20QGB16761)||(product_type:product%20**%20Qu%E1%BA%A7n%20Jeans%20Bomber%20QGB16761))
Driver for Screenshot: ChromeDriver: chrome on WINDOWS (4521888e443281ba32bd0623d9c1728a)
Screenshot taken current URL: https://www.bexinhshop.vn/search?q=filter=((title:product%20**%20%C3%A1o)||(product_type:product%20**%20%C3%A1o))
Driver for Screenshot: ChromeDriver: chrome on WINDOWS (6b11da937ba1878bae196fd69a4133a0)
Screenshot taken current URL: https://www.bexinhshop.vn/search?q=filter=((title:product%20**%20abcd)||(product_type:product%20**%20abcd))]]>
  </system-out>
  <testcase classname="executionEngine.TestScript_HybridWithData" name="excute_Register" time="32.503"/>
  <system-out/>
</testsuite> <!-- executionEngine.TestScript_HybridWithData -->
