<?xml version="1.0" encoding="UTF-8"?>
<!-- Generated by org.testng.reporters.JUnitReportReporter -->
<testsuite hostname="DESKTOP-T57P5HU" failures="0" tests="5" name="executionEngine.TestScript_Keyword" time="370.116" errors="0" timestamp="2023-06-08T14:59:22 ICT" skipped="0">
  <testcase classname="executionEngine.TestScript_Keyword" name="excute_Register" time="147.076"/>
  <system-out/>
  <testcase classname="executionEngine.TestScript_Keyword" name="excute_Login" time="98.148"/>
  <system-out/>
  <testcase classname="executionEngine.TestScript_Keyword" name="excute_Search" time="41.183"/>
  <system-out/>
  <testcase classname="executionEngine.TestScript_Keyword" name="excute_Cart" time="79.135"/>
  <system-out/>
  <testcase classname="executionEngine.TestScript_Keyword" name="excute_Order" time="4.574"/>
  <system-out/>
</testsuite> <!-- executionEngine.TestScript_Keyword -->
